{"C:\\Users\\PROF\\Desktop\\repos\\Todo-List\\src\\ModifyTodos.js": {"path":"C:\\Users\\PROF\\Desktop\\repos\\Todo-List\\src\\ModifyTodos.js","statementMap":{"0":{"start":{"line":1,"column":18},"end":{"line":1,"column":33}},"1":{"start":{"line":1,"column":28},"end":{"line":1,"column":33}},"2":{"start":{"line":2,"column":12},"end":{"line":2,"column":59}},"3":{"start":{"line":4,"column":17},"end":{"line":18,"column":1}},"4":{"start":{"line":5,"column":20},"end":{"line":5,"column":62}},"5":{"start":{"line":6,"column":22},"end":{"line":15,"column":24}},"6":{"start":{"line":6,"column":42},"end":{"line":15,"column":14}},"7":{"start":{"line":16,"column":2},"end":{"line":16,"column":36}},"8":{"start":{"line":17,"column":2},"end":{"line":17,"column":19}},"9":{"start":{"line":19,"column":17},"end":{"line":22,"column":1}},"10":{"start":{"line":20,"column":2},"end":{"line":20,"column":25}},"11":{"start":{"line":20,"column":12},"end":{"line":20,"column":25}},"12":{"start":{"line":21,"column":2},"end":{"line":21,"column":13}},"13":{"start":{"line":24,"column":17},"end":{"line":33,"column":1}},"14":{"start":{"line":25,"column":18},"end":{"line":29,"column":3}},"15":{"start":{"line":30,"column":2},"end":{"line":30,"column":22}},"16":{"start":{"line":31,"column":2},"end":{"line":31,"column":55}},"17":{"start":{"line":32,"column":2},"end":{"line":32,"column":13}},"18":{"start":{"line":35,"column":18},"end":{"line":38,"column":1}},"19":{"start":{"line":36,"column":2},"end":{"line":36,"column":44}},"20":{"start":{"line":37,"column":2},"end":{"line":37,"column":55}},"21":{"start":{"line":40,"column":20},"end":{"line":48,"column":1}},"22":{"start":{"line":41,"column":19},"end":{"line":45,"column":6}},"23":{"start":{"line":41,"column":42},"end":{"line":41,"column":70}},"24":{"start":{"line":43,"column":6},"end":{"line":43,"column":29}},"25":{"start":{"line":44,"column":6},"end":{"line":44,"column":18}},"26":{"start":{"line":46,"column":2},"end":{"line":46,"column":58}},"27":{"start":{"line":47,"column":2},"end":{"line":47,"column":21}}},"fnMap":{"0":{"name":"(anonymous_0)","decl":{"start":{"line":1,"column":18},"end":{"line":1,"column":19}},"loc":{"start":{"line":1,"column":28},"end":{"line":1,"column":33}},"line":1},"1":{"name":"(anonymous_1)","decl":{"start":{"line":4,"column":17},"end":{"line":4,"column":18}},"loc":{"start":{"line":4,"column":23},"end":{"line":18,"column":1}},"line":4},"2":{"name":"(anonymous_2)","decl":{"start":{"line":6,"column":32},"end":{"line":6,"column":33}},"loc":{"start":{"line":6,"column":42},"end":{"line":15,"column":14}},"line":6},"3":{"name":"(anonymous_3)","decl":{"start":{"line":19,"column":17},"end":{"line":19,"column":18}},"loc":{"start":{"line":19,"column":27},"end":{"line":22,"column":1}},"line":19},"4":{"name":"(anonymous_4)","decl":{"start":{"line":24,"column":17},"end":{"line":24,"column":18}},"loc":{"start":{"line":24,"column":30},"end":{"line":33,"column":1}},"line":24},"5":{"name":"(anonymous_5)","decl":{"start":{"line":35,"column":18},"end":{"line":35,"column":19}},"loc":{"start":{"line":35,"column":45},"end":{"line":38,"column":1}},"line":35},"6":{"name":"(anonymous_6)","decl":{"start":{"line":40,"column":20},"end":{"line":40,"column":21}},"loc":{"start":{"line":40,"column":37},"end":{"line":48,"column":1}},"line":40},"7":{"name":"(anonymous_7)","decl":{"start":{"line":41,"column":32},"end":{"line":41,"column":33}},"loc":{"start":{"line":41,"column":42},"end":{"line":41,"column":70}},"line":41},"8":{"name":"(anonymous_8)","decl":{"start":{"line":42,"column":9},"end":{"line":42,"column":10}},"loc":{"start":{"line":42,"column":26},"end":{"line":45,"column":5}},"line":42}},"branchMap":{"0":{"loc":{"start":{"line":2,"column":12},"end":{"line":2,"column":59}},"type":"binary-expr","locations":[{"start":{"line":2,"column":12},"end":{"line":2,"column":53}},{"start":{"line":2,"column":57},"end":{"line":2,"column":59}}],"line":2},"1":{"loc":{"start":{"line":8,"column":12},"end":{"line":10,"column":57}},"type":"cond-expr","locations":[{"start":{"line":8,"column":38},"end":{"line":9,"column":59}},{"start":{"line":10,"column":6},"end":{"line":10,"column":57}}],"line":8},"2":{"loc":{"start":{"line":11,"column":37},"end":{"line":11,"column":100}},"type":"cond-expr","locations":[{"start":{"line":11,"column":63},"end":{"line":11,"column":85}},{"start":{"line":11,"column":88},"end":{"line":11,"column":100}}],"line":11},"3":{"loc":{"start":{"line":20,"column":2},"end":{"line":20,"column":25}},"type":"if","locations":[{"start":{"line":20,"column":2},"end":{"line":20,"column":25}},{"start":{},"end":{}}],"line":20}},"s":{"0":2,"1":0,"2":2,"3":2,"4":8,"5":8,"6":14,"7":8,"8":8,"9":2,"10":8,"11":2,"12":8,"13":2,"14":5,"15":5,"16":5,"17":5,"18":2,"19":1,"20":1,"21":2,"22":1,"23":3,"24":2,"25":2,"26":1,"27":1},"f":{"0":0,"1":8,"2":14,"3":8,"4":5,"5":1,"6":1,"7":3,"8":2},"b":{"0":[2,2],"1":[1,13],"2":[1,13],"3":[2,6]},"_coverageSchema":"1a1c01bbd47fc00a2c39e90264f33305004495a9","hash":"b76b63c8b0c24e22d16925c0a7cbee76ed0e097d"}
,"C:\\Users\\PROF\\Desktop\\repos\\Todo-List\\src\\TodoStatus.js": {"path":"C:\\Users\\PROF\\Desktop\\repos\\Todo-List\\src\\TodoStatus.js","statementMap":{"0":{"start":{"line":3,"column":25},"end":{"line":7,"column":1}},"1":{"start":{"line":4,"column":2},"end":{"line":4,"column":38}},"2":{"start":{"line":5,"column":2},"end":{"line":5,"column":55}},"3":{"start":{"line":6,"column":2},"end":{"line":6,"column":13}},"4":{"start":{"line":8,"column":29},"end":{"line":17,"column":1}},"5":{"start":{"line":9,"column":19},"end":{"line":13,"column":6}},"6":{"start":{"line":9,"column":45},"end":{"line":9,"column":71}},"7":{"start":{"line":11,"column":6},"end":{"line":11,"column":32}},"8":{"start":{"line":12,"column":6},"end":{"line":12,"column":21}},"9":{"start":{"line":14,"column":2},"end":{"line":14,"column":58}},"10":{"start":{"line":15,"column":2},"end":{"line":15,"column":21}},"11":{"start":{"line":16,"column":2},"end":{"line":16,"column":18}}},"fnMap":{"0":{"name":"(anonymous_0)","decl":{"start":{"line":3,"column":25},"end":{"line":3,"column":26}},"loc":{"start":{"line":3,"column":48},"end":{"line":7,"column":1}},"line":3},"1":{"name":"(anonymous_1)","decl":{"start":{"line":8,"column":29},"end":{"line":8,"column":30}},"loc":{"start":{"line":8,"column":35},"end":{"line":17,"column":1}},"line":8},"2":{"name":"(anonymous_2)","decl":{"start":{"line":9,"column":32},"end":{"line":9,"column":33}},"loc":{"start":{"line":9,"column":45},"end":{"line":9,"column":71}},"line":9},"3":{"name":"(anonymous_3)","decl":{"start":{"line":10,"column":9},"end":{"line":10,"column":10}},"loc":{"start":{"line":10,"column":29},"end":{"line":13,"column":5}},"line":10}},"branchMap":{},"s":{"0":1,"1":1,"2":1,"3":1,"4":1,"5":1,"6":2,"7":1,"8":1,"9":1,"10":1,"11":1},"f":{"0":1,"1":1,"2":2,"3":1},"b":{},"_coverageSchema":"1a1c01bbd47fc00a2c39e90264f33305004495a9","hash":"e0ba3cfb6411da3940e289c29d2b3ab0d0c15ab1"}
}
