TN:
SF:src\ModifyTodos.js
FN:1,(anonymous_0)
FN:4,(anonymous_1)
FN:6,(anonymous_2)
FN:19,(anonymous_3)
FN:24,(anonymous_4)
FN:35,(anonymous_5)
FN:40,(anonymous_6)
FN:41,(anonymous_7)
FN:42,(anonymous_8)
FNF:9
FNH:8
FNDA:0,(anonymous_0)
FNDA:8,(anonymous_1)
FNDA:14,(anonymous_2)
FNDA:8,(anonymous_3)
FNDA:5,(anonymous_4)
FNDA:1,(anonymous_5)
FNDA:1,(anonymous_6)
FNDA:3,(anonymous_7)
FNDA:2,(anonymous_8)
DA:1,2
DA:2,2
DA:4,2
DA:5,8
DA:6,14
DA:16,8
DA:17,8
DA:19,2
DA:20,8
DA:21,8
DA:24,2
DA:25,5
DA:30,5
DA:31,5
DA:32,5
DA:35,2
DA:36,1
DA:37,1
DA:40,2
DA:41,3
DA:43,2
DA:44,2
DA:46,1
DA:47,1
LF:24
LH:24
BRDA:2,0,0,2
BRDA:2,0,1,2
BRDA:8,1,0,1
BRDA:8,1,1,13
BRDA:11,2,0,1
BRDA:11,2,1,13
BRDA:20,3,0,2
BRDA:20,3,1,6
BRF:8
BRH:8
end_of_record
TN:
SF:src\TodoStatus.js
FN:3,(anonymous_0)
FN:8,(anonymous_1)
FN:9,(anonymous_2)
FN:10,(anonymous_3)
FNF:4
FNH:4
FNDA:1,(anonymous_0)
FNDA:1,(anonymous_1)
FNDA:2,(anonymous_2)
FNDA:1,(anonymous_3)
DA:3,1
DA:4,1
DA:5,1
DA:6,1
DA:8,1
DA:9,2
DA:11,1
DA:12,1
DA:14,1
DA:15,1
DA:16,1
LF:11
LH:11
BRF:0
BRH:0
end_of_record
